<?xml version="1.0" encoding="UTF-8"?>
<!-- Generated by org.testng.reporters.JUnitReportReporter -->
<testsuite hostname="BhallaLT" failures="0" tests="1" name="tests.Test1" time="7.586" errors="0" timestamp="2025-09-10T11:46:34 IST" skipped="0">
  <testcase classname="tests.Test1" name="testAddItemToCart" time="7.586"/>
</testsuite> <!-- tests.Test1 -->
