<?xml version="1.0" encoding="UTF-8"?>
<!-- Generated by org.testng.reporters.JUnitReportReporter -->
<testsuite hostname="VENKY" failures="0" tests="1" name="tests.Test3" time="3.473" errors="0" timestamp="2025-09-10T09:57:59 IST" skipped="0">
  <testcase classname="tests.Test3" name="errorMsgVerify" time="3.473"/>
</testsuite> <!-- tests.Test3 -->
