<?xml version="1.0" encoding="UTF-8"?>
<!-- Generated by org.testng.reporters.JUnitReportReporter -->
<testsuite hostname="VENKY" failures="0" tests="1" name="tests.Test6" time="8.431" errors="0" timestamp="2025-09-10T10:16:34 IST" skipped="0">
  <testcase classname="tests.Test6" name="sortingPriceOrde" time="8.431"/>
</testsuite> <!-- tests.Test6 -->
