<?xml version="1.0" encoding="UTF-8"?>
<!-- Generated by org.testng.reporters.JUnitReportReporter -->
<testsuite hostname="VENKY" failures="0" tests="1" name="tests.Test2" time="9.902" errors="0" timestamp="2025-09-10T10:41:06 IST" skipped="0">
  <testcase classname="tests.Test2" name="testRemoveItemFromCart" time="9.902"/>
</testsuite> <!-- tests.Test2 -->
