<?xml version="1.0" encoding="UTF-8"?>
<!-- Generated by org.testng.reporters.JUnitReportReporter -->
<testsuite hostname="BhallaLT" failures="0" tests="1" name="tests.Test7" time="9.741" errors="0" timestamp="2025-09-10T12:38:07 IST" skipped="0">
  <testcase classname="tests.Test7" name="purchaseItem" time="9.741"/>
</testsuite> <!-- tests.Test7 -->
