<?xml version="1.0" encoding="UTF-8"?>
<!-- Generated by org.testng.reporters.JUnitReportReporter -->
<testsuite hostname="VENKY" failures="0" tests="1" name="tests.AppTest" time="3.748" errors="0" timestamp="2025-09-10T09:53:17 IST" skipped="0">
  <testcase classname="tests.AppTest" name="testRemoveItemFromCart" time="3.748"/>
</testsuite> <!-- tests.AppTest -->
