<?xml version="1.0" encoding="UTF-8"?>
<!-- Generated by org.testng.reporters.JUnitReportReporter -->
<testsuite hostname="VENKY" failures="0" tests="1" name="tests.Test5" time="7.662" errors="0" timestamp="2025-09-10T10:14:25 IST" skipped="0">
  <testcase classname="tests.Test5" name="sorting" time="7.662"/>
</testsuite> <!-- tests.Test5 -->
