<?xml version="1.0" encoding="UTF-8"?>
<!-- Generated by org.testng.reporters.JUnitReportReporter -->
<testsuite hostname="BhallaLT" failures="0" tests="10" name="runner.TestRunner" time="111.280" errors="0" timestamp="2025-09-14T19:14:39 IST" skipped="0">
  <testcase classname="runner.TestRunner" name="runScenario" time="13.698"/>
  <testcase classname="runner.TestRunner" name="runScenario" time="4.435"/>
  <testcase classname="runner.TestRunner" name="runScenario" time="5.869"/>
  <testcase classname="runner.TestRunner" name="runScenario" time="12.609"/>
  <testcase classname="runner.TestRunner" name="runScenario" time="13.549"/>
  <testcase classname="runner.TestRunner" name="runScenario" time="15.156"/>
  <testcase classname="runner.TestRunner" name="runScenario" time="13.866"/>
  <testcase classname="runner.TestRunner" name="runScenario" time="11.867"/>
  <testcase classname="runner.TestRunner" name="runScenario" time="8.980"/>
  <testcase classname="runner.TestRunner" name="runScenario" time="11.251"/>
</testsuite> <!-- runner.TestRunner -->
